^C^\SIGQUIT: quit
PC=0x47f5a1 m=0 sigcode=128

goroutine 0 gp=0x1477560 m=0 mp=0x1478620 [idle]:
runtime.futex(0x1478760, 0x80, 0x0, 0x0, 0x0, 0x0)
        /usr/lib/go/src/runtime/sys_linux_amd64.s:557 +0x21 fp=0x7ffc7e3ea538 sp=0x7ffc7e3ea530 pc=0x47f5a1
runtime.futexsleep(0x7ffc7e3ea5b0?, 0x1477560?, 0x7ffc7e3ea5b0?)
        /usr/lib/go/src/runtime/os_linux.go:75 +0x30 fp=0x7ffc7e3ea588 sp=0x7ffc7e3ea538 pc=0x43c6d0
runtime.notesleep(0x1478760)
        /usr/lib/go/src/runtime/lock_futex.go:47 +0x87 fp=0x7ffc7e3ea5c0 sp=0x7ffc7e3ea588 pc=0x418787
runtime.mPark(...)
        /usr/lib/go/src/runtime/proc.go:1887
runtime.stoplockedm()
        /usr/lib/go/src/runtime/proc.go:3162 +0x73 fp=0x7ffc7e3ea618 sp=0x7ffc7e3ea5c0 pc=0x4484f3
runtime.schedule()
        /usr/lib/go/src/runtime/proc.go:3996 +0x3a fp=0x7ffc7e3ea650 sp=0x7ffc7e3ea618 pc=0x44a8ba
runtime.park_m(0xc000139180)
        /usr/lib/go/src/runtime/proc.go:4141 +0x285 fp=0x7ffc7e3ea6b0 sp=0x7ffc7e3ea650 pc=0x44ade5
runtime.mcall()
        /usr/lib/go/src/runtime/asm_amd64.s:459 +0x4e fp=0x7ffc7e3ea6c8 sp=0x7ffc7e3ea6b0 pc=0x47b76e

goroutine 1 gp=0xc000002380 m=nil [IO wait]:
runtime.gopark(0x0?, 0x0?, 0x0?, 0x0?, 0x0?)
        /usr/lib/go/src/runtime/proc.go:435 +0xce fp=0xc000135928 sp=0xc000135908 pc=0x475e2e
runtime.netpollblock(0x0?, 0x410a26?, 0x0?)
        /usr/lib/go/src/runtime/netpoll.go:575 +0xf7 fp=0xc000135960 sp=0xc000135928 pc=0x43b9b7
internal/poll.runtime_pollWait(0x7ec85c485938, 0x72)
        /usr/lib/go/src/runtime/netpoll.go:351 +0x85 fp=0xc000135980 sp=0xc000135960 pc=0x475045
internal/poll.(*pollDesc).wait(0xc00019e600?, 0x20?, 0x0)
        /usr/lib/go/src/internal/poll/fd_poll_runtime.go:84 +0x27 fp=0xc0001359a8 sp=0xc000135980 pc=0x4f2087
internal/poll.(*pollDesc).waitRead(...)
        /usr/lib/go/src/internal/poll/fd_poll_runtime.go:89
internal/poll.(*FD).Accept(0xc00019e600)
        /usr/lib/go/src/internal/poll/fd_unix.go:620 +0x295 fp=0xc000135a50 sp=0xc0001359a8 pc=0x4f7455
net.(*netFD).accept(0xc00019e600)
        /usr/lib/go/src/net/fd_unix.go:172 +0x29 fp=0xc000135b08 sp=0xc000135a50 pc=0x64fc69
net.(*TCPListener).accept(0xc0001a0840)
        /usr/lib/go/src/net/tcpsock_posix.go:159 +0x1b fp=0xc000135b58 sp=0xc000135b08 pc=0x666d5b
net.(*TCPListener).Accept(0xc0001a0840)
        /usr/lib/go/src/net/tcpsock.go:380 +0x30 fp=0xc000135b88 sp=0xc000135b58 pc=0x665f50
google.golang.org/grpc.(*Server).Serve(0xc000402000, {0xe70448, 0xc0001a0840})
        /home/justcgh9/go/pkg/mod/google.golang.org/grpc@v1.73.0/server.go:890 +0x473 fp=0xc000135ce8 sp=0xc000135b88 pc=0x88aa33
github.com/justcgh9/discord-clone-friends/internal/app/grpc/server.(*App).Run(0xc00018a5b8)
        /home/justcgh9/projects/pet/discord-clone/go/friends/internal/app/grpc/server/server.go:77 +0x1e5 fp=0xc000135dc0 sp=0xc000135ce8 pc=0x8b14e5
github.com/justcgh9/discord-clone-friends/internal/app/grpc/server.(*App).MustRun(0xc0000470c0?)
        /home/justcgh9/projects/pet/discord-clone/go/friends/internal/app/grpc/server/server.go:62 +0x13 fp=0xc000135de0 sp=0xc000135dc0 pc=0x8b12d3
main.main()
        /home/justcgh9/projects/pet/discord-clone/go/friends/cmd/friends/main.go:77 +0x3e5 fp=0xc000135f50 sp=0xc000135de0 pc=0xb11ec5
runtime.main()
        /usr/lib/go/src/runtime/proc.go:283 +0x28b fp=0xc000135fe0 sp=0xc000135f50 pc=0x442eab
runtime.goexit({})
        /usr/lib/go/src/runtime/asm_amd64.s:1700 +0x1 fp=0xc000135fe8 sp=0xc000135fe0 pc=0x47d7a1

goroutine 2 gp=0xc000002e00 m=nil [force gc (idle)]:
runtime.gopark(0x0?, 0x0?, 0x0?, 0x0?, 0x0?)
        /usr/lib/go/src/runtime/proc.go:435 +0xce fp=0xc000074fa8 sp=0xc000074f88 pc=0x475e2e
runtime.goparkunlock(...)
        /usr/lib/go/src/runtime/proc.go:441
runtime.forcegchelper()
        /usr/lib/go/src/runtime/proc.go:348 +0xb3 fp=0xc000074fe0 sp=0xc000074fa8 pc=0x4431f3
runtime.goexit({})
        /usr/lib/go/src/runtime/asm_amd64.s:1700 +0x1 fp=0xc000074fe8 sp=0xc000074fe0 pc=0x47d7a1
created by runtime.init.7 in goroutine 1
        /usr/lib/go/src/runtime/proc.go:336 +0x1a

goroutine 3 gp=0xc000003340 m=nil [GC sweep wait]:
runtime.gopark(0x0?, 0x0?, 0x0?, 0x0?, 0x0?)
        /usr/lib/go/src/runtime/proc.go:435 +0xce fp=0xc000075780 sp=0xc000075760 pc=0x475e2e
runtime.goparkunlock(...)
        /usr/lib/go/src/runtime/proc.go:441
runtime.bgsweep(0xc00007e000)
        /usr/lib/go/src/runtime/mgcsweep.go:276 +0x94 fp=0xc0000757c8 sp=0xc000075780 pc=0x42daf4
runtime.gcenable.gowrap1()
        /usr/lib/go/src/runtime/mgc.go:204 +0x25 fp=0xc0000757e0 sp=0xc0000757c8 pc=0x421fc5
runtime.goexit({})
        /usr/lib/go/src/runtime/asm_amd64.s:1700 +0x1 fp=0xc0000757e8 sp=0xc0000757e0 pc=0x47d7a1
created by runtime.gcenable in goroutine 1
        /usr/lib/go/src/runtime/mgc.go:204 +0x66

goroutine 4 gp=0xc000003500 m=nil [GC scavenge wait]:
runtime.gopark(0xc00007e000?, 0xe618c0?, 0x1?, 0x0?, 0xc000003500?)
        /usr/lib/go/src/runtime/proc.go:435 +0xce fp=0xc000075f78 sp=0xc000075f58 pc=0x475e2e
runtime.goparkunlock(...)
        /usr/lib/go/src/runtime/proc.go:441
runtime.(*scavengerState).park(0x14771e0)
        /usr/lib/go/src/runtime/mgcscavenge.go:425 +0x49 fp=0xc000075fa8 sp=0xc000075f78 pc=0x42b5a9
runtime.bgscavenge(0xc00007e000)
        /usr/lib/go/src/runtime/mgcscavenge.go:653 +0x3c fp=0xc000075fc8 sp=0xc000075fa8 pc=0x42bb1c
runtime.gcenable.gowrap2()
        /usr/lib/go/src/runtime/mgc.go:205 +0x25 fp=0xc000075fe0 sp=0xc000075fc8 pc=0x421f65
runtime.goexit({})
        /usr/lib/go/src/runtime/asm_amd64.s:1700 +0x1 fp=0xc000075fe8 sp=0xc000075fe0 pc=0x47d7a1
created by runtime.gcenable in goroutine 1
        /usr/lib/go/src/runtime/mgc.go:205 +0xa5

goroutine 5 gp=0xc000003dc0 m=nil [finalizer wait]:
runtime.gopark(0x1b8?, 0xc000002380?, 0x1?, 0x23?, 0xc000074688?)
        /usr/lib/go/src/runtime/proc.go:435 +0xce fp=0xc000074630 sp=0xc000074610 pc=0x475e2e
runtime.runfinq()
        /usr/lib/go/src/runtime/mfinal.go:196 +0x107 fp=0xc0000747e0 sp=0xc000074630 pc=0x420f87
runtime.goexit({})
        /usr/lib/go/src/runtime/asm_amd64.s:1700 +0x1 fp=0xc0000747e8 sp=0xc0000747e0 pc=0x47d7a1
created by runtime.createfing in goroutine 1
        /usr/lib/go/src/runtime/mfinal.go:166 +0x3d

goroutine 6 gp=0xc0001381c0 m=nil [chan receive]:
runtime.gopark(0x0?, 0x0?, 0x0?, 0x0?, 0x0?)
        /usr/lib/go/src/runtime/proc.go:435 +0xce fp=0xc000076718 sp=0xc0000766f8 pc=0x475e2e
runtime.chanrecv(0xc000042310, 0x0, 0x1)
        /usr/lib/go/src/runtime/chan.go:664 +0x445 fp=0xc000076790 sp=0xc000076718 pc=0x4135a5
runtime.chanrecv1(0x0?, 0x0?)
        /usr/lib/go/src/runtime/chan.go:506 +0x12 fp=0xc0000767b8 sp=0xc000076790 pc=0x413132
runtime.unique_runtime_registerUniqueMapCleanup.func2(...)
        /usr/lib/go/src/runtime/mgc.go:1796
runtime.unique_runtime_registerUniqueMapCleanup.gowrap1()
        /usr/lib/go/src/runtime/mgc.go:1799 +0x2f fp=0xc0000767e0 sp=0xc0000767b8 pc=0x42510f
runtime.goexit({})
        /usr/lib/go/src/runtime/asm_amd64.s:1700 +0x1 fp=0xc0000767e8 sp=0xc0000767e0 pc=0x47d7a1
created by unique.runtime_registerUniqueMapCleanup in goroutine 1
        /usr/lib/go/src/runtime/mgc.go:1794 +0x79

goroutine 7 gp=0xc000138380 m=nil [select]:
runtime.gopark(0xc000088f50?, 0x3?, 0x78?, 0xfa?, 0xc000088f42?)
        /usr/lib/go/src/runtime/proc.go:435 +0xce fp=0xc000088dd0 sp=0xc000088db0 pc=0x475e2e
runtime.selectgo(0xc000088f50, 0xc000088f3c, 0xe71390?, 0x0, 0x0?, 0x1)
        /usr/lib/go/src/runtime/select.go:351 +0x837 fp=0xc000088f08 sp=0xc000088dd0 pc=0x455317
github.com/jackc/pgx/v5/pgxpool.(*Pool).backgroundHealthCheck(0xc0000ea180)
        /home/justcgh9/go/pkg/mod/github.com/jackc/pgx/v5@v5.7.5/pgxpool/pool.go:433 +0xc5 fp=0xc000088fa8 sp=0xc000088f08 pc=0xb065e5
github.com/jackc/pgx/v5/pgxpool.NewWithConfig.func3()
        /home/justcgh9/go/pkg/mod/github.com/jackc/pgx/v5@v5.7.5/pgxpool/pool.go:286 +0x3d fp=0xc000088fe0 sp=0xc000088fa8 pc=0xb0563d
runtime.goexit({})
        /usr/lib/go/src/runtime/asm_amd64.s:1700 +0x1 fp=0xc000088fe8 sp=0xc000088fe0 pc=0x47d7a1
created by github.com/jackc/pgx/v5/pgxpool.NewWithConfig in goroutine 1
        /home/justcgh9/go/pkg/mod/github.com/jackc/pgx/v5@v5.7.5/pgxpool/pool.go:283 +0x37c

goroutine 19 gp=0xc000138540 m=nil [chan receive]:
runtime.gopark(0x0?, 0x0?, 0x0?, 0x0?, 0x0?)
        /usr/lib/go/src/runtime/proc.go:435 +0xce fp=0xc0002eec78 sp=0xc0002eec58 pc=0x475e2e
runtime.chanrecv(0xc0002940e0, 0xc0002eef68, 0x1)
        /usr/lib/go/src/runtime/chan.go:664 +0x445 fp=0xc0002eecf0 sp=0xc0002eec78 pc=0x4135a5
runtime.chanrecv2(0xc0002920e0?, 0xe71390?)
        /usr/lib/go/src/runtime/chan.go:511 +0x12 fp=0xc0002eed18 sp=0xc0002eecf0 pc=0x413152
github.com/justcgh9/discord-clone-friends/internal/storage/sync.(*Repository).worker(0xc000282240)
        /home/justcgh9/projects/pet/discord-clone/go/friends/internal/storage/sync/repository.go:86 +0xf7 fp=0xc0002eefc8 sp=0xc0002eed18 pc=0xb0f797
github.com/justcgh9/discord-clone-friends/internal/storage/sync.NewRepository.gowrap1()
        /home/justcgh9/projects/pet/discord-clone/go/friends/internal/storage/sync/repository.go:71 +0x25 fp=0xc0002eefe0 sp=0xc0002eefc8 pc=0xb0f5e5
runtime.goexit({})
        /usr/lib/go/src/runtime/asm_amd64.s:1700 +0x1 fp=0xc0002eefe8 sp=0xc0002eefe0 pc=0x47d7a1
created by github.com/justcgh9/discord-clone-friends/internal/storage/sync.NewRepository in goroutine 1
        /home/justcgh9/projects/pet/discord-clone/go/friends/internal/storage/sync/repository.go:71 +0x1fa

goroutine 37 gp=0xc000138700 m=nil [select]:
runtime.gopark(0xc0001a9f40?, 0x2?, 0x10?, 0x75?, 0xc0001a9ed4?)
        /usr/lib/go/src/runtime/proc.go:435 +0xce fp=0xc0001a9d40 sp=0xc0001a9d20 pc=0x475e2e
runtime.selectgo(0xc0001a9f40, 0xc0001a9ed0, 0x1476f60?, 0x0, 0xc00027c1c0?, 0x1)
        /usr/lib/go/src/runtime/select.go:351 +0x837 fp=0xc0001a9e78 sp=0xc0001a9d40 pc=0x455317
google.golang.org/grpc/internal/resolver/dns.(*dnsResolver).watcher(0xc00019e400)
        /home/justcgh9/go/pkg/mod/google.golang.org/grpc@v1.73.0/internal/resolver/dns/dns_resolver.go:221 +0x24b fp=0xc0001a9fc8 sp=0xc0001a9e78 pc=0x8203ab
google.golang.org/grpc/internal/resolver/dns.(*dnsBuilder).Build.gowrap1()
        /home/justcgh9/go/pkg/mod/google.golang.org/grpc@v1.73.0/internal/resolver/dns/dns_resolver.go:150 +0x25 fp=0xc0001a9fe0 sp=0xc0001a9fc8 pc=0x820025
runtime.goexit({})
        /usr/lib/go/src/runtime/asm_amd64.s:1700 +0x1 fp=0xc0001a9fe8 sp=0xc0001a9fe0 pc=0x47d7a1
created by google.golang.org/grpc/internal/resolver/dns.(*dnsBuilder).Build in goroutine 14
        /home/justcgh9/go/pkg/mod/google.golang.org/grpc@v1.73.0/internal/resolver/dns/dns_resolver.go:150 +0x2ce

goroutine 36 gp=0xc0001388c0 m=nil [select]:
runtime.gopark(0xc00008aed8?, 0x2?, 0x29?, 0x40?, 0xc00008aeac?)
        /usr/lib/go/src/runtime/proc.go:435 +0xce fp=0xc00008ad40 sp=0xc00008ad20 pc=0x475e2e
runtime.selectgo(0xc00008aed8, 0xc00008aea8, 0x814276?, 0x0, 0xc000268000?, 0x1)
        /usr/lib/go/src/runtime/select.go:351 +0x837 fp=0xc00008ae78 sp=0xc00008ad40 pc=0x455317
google.golang.org/grpc/internal/transport.(*controlBuffer).get(0xc00027c000, 0x1)
        /home/justcgh9/go/pkg/mod/google.golang.org/grpc@v1.73.0/internal/transport/controlbuf.go:412 +0x108 fp=0xc00008af08 sp=0xc00008ae78 pc=0x7f2fa8
google.golang.org/grpc/internal/transport.(*loopyWriter).run(0xc00030c080)
        /home/justcgh9/go/pkg/mod/google.golang.org/grpc@v1.73.0/internal/transport/controlbuf.go:575 +0x78 fp=0xc00008af68 sp=0xc00008af08 pc=0x7f3778
google.golang.org/grpc/internal/transport.NewHTTP2Client.func6()
        /home/justcgh9/go/pkg/mod/google.golang.org/grpc@v1.73.0/internal/transport/http2_client.go:472 +0xd2 fp=0xc00008afe0 sp=0xc00008af68 pc=0x7fd652
runtime.goexit({})
        /usr/lib/go/src/runtime/asm_amd64.s:1700 +0x1 fp=0xc00008afe8 sp=0xc00008afe0 pc=0x47d7a1
created by google.golang.org/grpc/internal/transport.NewHTTP2Client in goroutine 35
        /home/justcgh9/go/pkg/mod/google.golang.org/grpc@v1.73.0/internal/transport/http2_client.go:470 +0x2452

goroutine 20 gp=0xc0002e6000 m=nil [select]:
runtime.gopark(0xc000070f60?, 0x2?, 0x0?, 0x0?, 0xc000070f24?)
        /usr/lib/go/src/runtime/proc.go:435 +0xce fp=0xc000070db0 sp=0xc000070d90 pc=0x475e2e
runtime.selectgo(0xc000070f60, 0xc000070f20, 0x0?, 0x0, 0x0?, 0x1)
        /usr/lib/go/src/runtime/select.go:351 +0x837 fp=0xc000070ee8 sp=0xc000070db0 pc=0x455317
google.golang.org/grpc/internal/grpcsync.(*CallbackSerializer).run(0xc0002922b0, {0xe71400, 0xc0002da050})
        /home/justcgh9/go/pkg/mod/google.golang.org/grpc@v1.73.0/internal/grpcsync/callback_serializer.go:88 +0x10c fp=0xc000070fb8 sp=0xc000070ee8 pc=0x76056c
google.golang.org/grpc/internal/grpcsync.NewCallbackSerializer.gowrap1()
        /home/justcgh9/go/pkg/mod/google.golang.org/grpc@v1.73.0/internal/grpcsync/callback_serializer.go:52 +0x28 fp=0xc000070fe0 sp=0xc000070fb8 pc=0x760348
runtime.goexit({})
        /usr/lib/go/src/runtime/asm_amd64.s:1700 +0x1 fp=0xc000070fe8 sp=0xc000070fe0 pc=0x47d7a1
created by google.golang.org/grpc/internal/grpcsync.NewCallbackSerializer in goroutine 1
        /home/justcgh9/go/pkg/mod/google.golang.org/grpc@v1.73.0/internal/grpcsync/callback_serializer.go:52 +0x11a

goroutine 21 gp=0xc0002e61c0 m=nil [select]:
runtime.gopark(0xc0002eff60?, 0x2?, 0xe8?, 0xd0?, 0xc0002eff24?)
        /usr/lib/go/src/runtime/proc.go:435 +0xce fp=0xc0002efdb0 sp=0xc0002efd90 pc=0x475e2e
runtime.selectgo(0xc0002eff60, 0xc0002eff20, 0x0?, 0x0, 0x0?, 0x1)
        /usr/lib/go/src/runtime/select.go:351 +0x837 fp=0xc0002efee8 sp=0xc0002efdb0 pc=0x455317
google.golang.org/grpc/internal/grpcsync.(*CallbackSerializer).run(0xc0002922e0, {0xe71400, 0xc0002da0a0})
        /home/justcgh9/go/pkg/mod/google.golang.org/grpc@v1.73.0/internal/grpcsync/callback_serializer.go:88 +0x10c fp=0xc0002effb8 sp=0xc0002efee8 pc=0x76056c
google.golang.org/grpc/internal/grpcsync.NewCallbackSerializer.gowrap1()
        /home/justcgh9/go/pkg/mod/google.golang.org/grpc@v1.73.0/internal/grpcsync/callback_serializer.go:52 +0x28 fp=0xc0002effe0 sp=0xc0002effb8 pc=0x760348
runtime.goexit({})
        /usr/lib/go/src/runtime/asm_amd64.s:1700 +0x1 fp=0xc0002effe8 sp=0xc0002effe0 pc=0x47d7a1
created by google.golang.org/grpc/internal/grpcsync.NewCallbackSerializer in goroutine 1
        /home/justcgh9/go/pkg/mod/google.golang.org/grpc@v1.73.0/internal/grpcsync/callback_serializer.go:52 +0x11a

goroutine 22 gp=0xc0002e6380 m=nil [select]:
runtime.gopark(0xc0000c5f60?, 0x2?, 0x0?, 0x0?, 0xc0000c5f24?)
        /usr/lib/go/src/runtime/proc.go:435 +0xce fp=0xc0000c5db0 sp=0xc0000c5d90 pc=0x475e2e
runtime.selectgo(0xc0000c5f60, 0xc0000c5f20, 0x0?, 0x0, 0x0?, 0x1)
        /usr/lib/go/src/runtime/select.go:351 +0x837 fp=0xc0000c5ee8 sp=0xc0000c5db0 pc=0x455317
google.golang.org/grpc/internal/grpcsync.(*CallbackSerializer).run(0xc000292310, {0xe71400, 0xc0002da0f0})
        /home/justcgh9/go/pkg/mod/google.golang.org/grpc@v1.73.0/internal/grpcsync/callback_serializer.go:88 +0x10c fp=0xc0000c5fb8 sp=0xc0000c5ee8 pc=0x76056c
google.golang.org/grpc/internal/grpcsync.NewCallbackSerializer.gowrap1()
        /home/justcgh9/go/pkg/mod/google.golang.org/grpc@v1.73.0/internal/grpcsync/callback_serializer.go:52 +0x28 fp=0xc0000c5fe0 sp=0xc0000c5fb8 pc=0x760348
runtime.goexit({})
        /usr/lib/go/src/runtime/asm_amd64.s:1700 +0x1 fp=0xc0000c5fe8 sp=0xc0000c5fe0 pc=0x47d7a1
created by google.golang.org/grpc/internal/grpcsync.NewCallbackSerializer in goroutine 1
        /home/justcgh9/go/pkg/mod/google.golang.org/grpc@v1.73.0/internal/grpcsync/callback_serializer.go:52 +0x11a

goroutine 23 gp=0xc0002e6540 m=nil [select]:
runtime.gopark(0xc0001adf40?, 0x2?, 0x20?, 0x23?, 0xc0001aded4?)
        /usr/lib/go/src/runtime/proc.go:435 +0xce fp=0xc0001add40 sp=0xc0001add20 pc=0x475e2e
runtime.selectgo(0xc0001adf40, 0xc0001aded0, 0x1476f60?, 0x0, 0xc0001a0080?, 0x1)
        /usr/lib/go/src/runtime/select.go:351 +0x837 fp=0xc0001ade78 sp=0xc0001add40 pc=0x455317
google.golang.org/grpc/internal/resolver/dns.(*dnsResolver).watcher(0xc0002ca280)
        /home/justcgh9/go/pkg/mod/google.golang.org/grpc@v1.73.0/internal/resolver/dns/dns_resolver.go:221 +0x24b fp=0xc0001adfc8 sp=0xc0001ade78 pc=0x8203ab
google.golang.org/grpc/internal/resolver/dns.(*dnsBuilder).Build.gowrap1()
        /home/justcgh9/go/pkg/mod/google.golang.org/grpc@v1.73.0/internal/resolver/dns/dns_resolver.go:150 +0x25 fp=0xc0001adfe0 sp=0xc0001adfc8 pc=0x820025
runtime.goexit({})
        /usr/lib/go/src/runtime/asm_amd64.s:1700 +0x1 fp=0xc0001adfe8 sp=0xc0001adfe0 pc=0x47d7a1
created by google.golang.org/grpc/internal/resolver/dns.(*dnsBuilder).Build in goroutine 21
        /home/justcgh9/go/pkg/mod/google.golang.org/grpc@v1.73.0/internal/resolver/dns/dns_resolver.go:150 +0x2ce

goroutine 28 gp=0xc0002e6700 m=nil [IO wait]:
runtime.gopark(0x412fa8?, 0x100000020?, 0x0?, 0x0?, 0xb?)
        /usr/lib/go/src/runtime/proc.go:435 +0xce fp=0xc0002f0ae8 sp=0xc0002f0ac8 pc=0x475e2e
runtime.netpollblock(0x494e78?, 0x410a26?, 0x0?)
        /usr/lib/go/src/runtime/netpoll.go:575 +0xf7 fp=0xc0002f0b20 sp=0xc0002f0ae8 pc=0x43b9b7
internal/poll.runtime_pollWait(0x7ec85c485b68, 0x72)
        /usr/lib/go/src/runtime/netpoll.go:351 +0x85 fp=0xc0002f0b40 sp=0xc0002f0b20 pc=0x475045
internal/poll.(*pollDesc).wait(0xc0002ca380?, 0xc000388000?, 0x0)
        /usr/lib/go/src/internal/poll/fd_poll_runtime.go:84 +0x27 fp=0xc0002f0b68 sp=0xc0002f0b40 pc=0x4f2087
internal/poll.(*pollDesc).waitRead(...)
        /usr/lib/go/src/internal/poll/fd_poll_runtime.go:89
internal/poll.(*FD).Read(0xc0002ca380, {0xc000388000, 0x8000, 0x8000})
        /usr/lib/go/src/internal/poll/fd_unix.go:165 +0x27a fp=0xc0002f0c00 sp=0xc0002f0b68 pc=0x4f337a
net.(*netFD).Read(0xc0002ca380, {0xc000388000?, 0x7ec85c5ef108?, 0x0?})
        /usr/lib/go/src/net/fd_posix.go:55 +0x25 fp=0xc0002f0c48 sp=0xc0002f0c00 pc=0x64dcc5
net.(*conn).Read(0xc000286068, {0xc000388000?, 0x7ec85c5ef108?, 0x10000000001?})
        /usr/lib/go/src/net/net.go:194 +0x45 fp=0xc0002f0c90 sp=0xc0002f0c48 pc=0x65dc85
bufio.(*Reader).Read(0xc0002827e0, {0xc0002b0120, 0x9, 0x473979?})
        /usr/lib/go/src/bufio/bufio.go:245 +0x197 fp=0xc0002f0cc8 sp=0xc0002f0c90 pc=0x5aeb77
io.ReadAtLeast({0xe688a0, 0xc0002827e0}, {0xc0002b0120, 0x9, 0x9}, 0x9)
        /usr/lib/go/src/io/io.go:335 +0x91 fp=0xc0002f0d10 sp=0xc0002f0cc8 pc=0x4e7e71
io.ReadFull(...)
        /usr/lib/go/src/io/io.go:354
golang.org/x/net/http2.readFrameHeader({0xc0002b0120, 0x9, 0x0?}, {0xe688a0?, 0xc0002827e0?})
        /home/justcgh9/go/pkg/mod/golang.org/x/net@v0.38.0/http2/frame.go:242 +0x65 fp=0xc0002f0d60 sp=0xc0002f0d10 pc=0x7e2da5
golang.org/x/net/http2.(*Framer).ReadFrame(0xc0002b00e0)
        /home/justcgh9/go/pkg/mod/golang.org/x/net@v0.38.0/http2/frame.go:506 +0x7d fp=0xc0002f0e60 sp=0xc0002f0d60 pc=0x7e34dd
google.golang.org/grpc/internal/transport.(*http2Client).reader(0xc0002a8488, 0xc0002947e0)
        /home/justcgh9/go/pkg/mod/google.golang.org/grpc@v1.73.0/internal/transport/http2_client.go:1662 +0x1d2 fp=0xc0002f0fc0 sp=0xc0002f0e60 pc=0x807832
google.golang.org/grpc/internal/transport.NewHTTP2Client.gowrap4()
        /home/justcgh9/go/pkg/mod/google.golang.org/grpc@v1.73.0/internal/transport/http2_client.go:414 +0x25 fp=0xc0002f0fe0 sp=0xc0002f0fc0 pc=0x7fd765
runtime.goexit({})
        /usr/lib/go/src/runtime/asm_amd64.s:1700 +0x1 fp=0xc0002f0fe8 sp=0xc0002f0fe0 pc=0x47d7a1
created by google.golang.org/grpc/internal/transport.NewHTTP2Client in goroutine 60
        /home/justcgh9/go/pkg/mod/google.golang.org/grpc@v1.73.0/internal/transport/http2_client.go:414 +0x1e73

goroutine 51 gp=0xc000240380 m=nil [IO wait]:
runtime.gopark(0x412fa8?, 0x100000020?, 0x0?, 0x0?, 0xb?)
        /usr/lib/go/src/runtime/proc.go:435 +0xce fp=0xc000317ae8 sp=0xc000317ac8 pc=0x475e2e
runtime.netpollblock(0x494e78?, 0x410a26?, 0x0?)
        /usr/lib/go/src/runtime/netpoll.go:575 +0xf7 fp=0xc000317b20 sp=0xc000317ae8 pc=0x43b9b7
internal/poll.runtime_pollWait(0x7ec85c485d98, 0x72)
        /usr/lib/go/src/runtime/netpoll.go:351 +0x85 fp=0xc000317b40 sp=0xc000317b20 pc=0x475045
internal/poll.(*pollDesc).wait(0xc0002ca300?, 0xc000260000?, 0x0)
        /usr/lib/go/src/internal/poll/fd_poll_runtime.go:84 +0x27 fp=0xc000317b68 sp=0xc000317b40 pc=0x4f2087
internal/poll.(*pollDesc).waitRead(...)
        /usr/lib/go/src/internal/poll/fd_poll_runtime.go:89
internal/poll.(*FD).Read(0xc0002ca300, {0xc000260000, 0x8000, 0x8000})
        /usr/lib/go/src/internal/poll/fd_unix.go:165 +0x27a fp=0xc000317c00 sp=0xc000317b68 pc=0x4f337a
net.(*netFD).Read(0xc0002ca300, {0xc000260000?, 0x7ec85c5ef5c0?, 0x0?})
        /usr/lib/go/src/net/fd_posix.go:55 +0x25 fp=0xc000317c48 sp=0xc000317c00 pc=0x64dcc5
net.(*conn).Read(0xc000256000, {0xc000260000?, 0x7ec85c5ef5c0?, 0x10000000001?})
        /usr/lib/go/src/net/net.go:194 +0x45 fp=0xc000317c90 sp=0xc000317c48 pc=0x65dc85
bufio.(*Reader).Read(0xc00024e240, {0xc000270040, 0x9, 0x473979?})
        /usr/lib/go/src/bufio/bufio.go:245 +0x197 fp=0xc000317cc8 sp=0xc000317c90 pc=0x5aeb77
io.ReadAtLeast({0xe688a0, 0xc00024e240}, {0xc000270040, 0x9, 0x9}, 0x9)
        /usr/lib/go/src/io/io.go:335 +0x91 fp=0xc000317d10 sp=0xc000317cc8 pc=0x4e7e71
io.ReadFull(...)
        /usr/lib/go/src/io/io.go:354
golang.org/x/net/http2.readFrameHeader({0xc000270040, 0x9, 0x0?}, {0xe688a0?, 0xc00024e240?})
        /home/justcgh9/go/pkg/mod/golang.org/x/net@v0.38.0/http2/frame.go:242 +0x65 fp=0xc000317d60 sp=0xc000317d10 pc=0x7e2da5
golang.org/x/net/http2.(*Framer).ReadFrame(0xc000270000)
        /home/justcgh9/go/pkg/mod/golang.org/x/net@v0.38.0/http2/frame.go:506 +0x7d fp=0xc000317e60 sp=0xc000317d60 pc=0x7e34dd
google.golang.org/grpc/internal/transport.(*http2Client).reader(0xc000274008, 0xc00027e000)
        /home/justcgh9/go/pkg/mod/google.golang.org/grpc@v1.73.0/internal/transport/http2_client.go:1662 +0x1d2 fp=0xc000317fc0 sp=0xc000317e60 pc=0x807832
google.golang.org/grpc/internal/transport.NewHTTP2Client.gowrap4()
        /home/justcgh9/go/pkg/mod/google.golang.org/grpc@v1.73.0/internal/transport/http2_client.go:414 +0x25 fp=0xc000317fe0 sp=0xc000317fc0 pc=0x7fd765
runtime.goexit({})
        /usr/lib/go/src/runtime/asm_amd64.s:1700 +0x1 fp=0xc000317fe8 sp=0xc000317fe0 pc=0x47d7a1
created by google.golang.org/grpc/internal/transport.NewHTTP2Client in goroutine 35
        /home/justcgh9/go/pkg/mod/google.golang.org/grpc@v1.73.0/internal/transport/http2_client.go:414 +0x1e73

goroutine 12 gp=0xc000138a80 m=nil [chan receive]:
runtime.gopark(0x0?, 0x0?, 0x0?, 0x0?, 0x0?)
        /usr/lib/go/src/runtime/proc.go:435 +0xce fp=0xc0000cbdd0 sp=0xc0000cbdb0 pc=0x475e2e
runtime.chanrecv(0xc000294150, 0xc0000cbf48, 0x1)
        /usr/lib/go/src/runtime/chan.go:664 +0x445 fp=0xc0000cbe48 sp=0xc0000cbdd0 pc=0x4135a5
runtime.chanrecv2(0xc0000470c0?, 0xe71390?)
        /usr/lib/go/src/runtime/chan.go:511 +0x12 fp=0xc0000cbe70 sp=0xc0000cbe48 pc=0x413152
github.com/justcgh9/discord-clone-friends/internal/app/grpc/client.(*LoginByTokenPool).worker(0xc000292100, 0x0?, {0xe72e00, 0xc000292330}, 0x12a05f200)
        /home/justcgh9/projects/pet/discord-clone/go/friends/internal/app/grpc/client/client.go:80 +0x165 fp=0xc0000cbfa8 sp=0xc0000cbe70 pc=0x8a6245
github.com/justcgh9/discord-clone-friends/internal/app/grpc/client.NewLoginByTokenPool.gowrap1()
        /home/justcgh9/projects/pet/discord-clone/go/friends/internal/app/grpc/client/client.go:64 +0x30 fp=0xc0000cbfe0 sp=0xc0000cbfa8 pc=0x8a6010
runtime.goexit({})
        /usr/lib/go/src/runtime/asm_amd64.s:1700 +0x1 fp=0xc0000cbfe8 sp=0xc0000cbfe0 pc=0x47d7a1
created by github.com/justcgh9/discord-clone-friends/internal/app/grpc/client.NewLoginByTokenPool in goroutine 1
        /home/justcgh9/projects/pet/discord-clone/go/friends/internal/app/grpc/client/client.go:64 +0xf1

goroutine 13 gp=0xc000138c40 m=nil [select]:
runtime.gopark(0xc000302f60?, 0x2?, 0x0?, 0x0?, 0xc000302f24?)
        /usr/lib/go/src/runtime/proc.go:435 +0xce fp=0xc000302db0 sp=0xc000302d90 pc=0x475e2e
runtime.selectgo(0xc000302f60, 0xc000302f20, 0x0?, 0x0, 0x0?, 0x1)
        /usr/lib/go/src/runtime/select.go:351 +0x837 fp=0xc000302ee8 sp=0xc000302db0 pc=0x455317
google.golang.org/grpc/internal/grpcsync.(*CallbackSerializer).run(0xc0000474a0, {0xe71400, 0xc0000feaf0})
        /home/justcgh9/go/pkg/mod/google.golang.org/grpc@v1.73.0/internal/grpcsync/callback_serializer.go:88 +0x10c fp=0xc000302fb8 sp=0xc000302ee8 pc=0x76056c
google.golang.org/grpc/internal/grpcsync.NewCallbackSerializer.gowrap1()
        /home/justcgh9/go/pkg/mod/google.golang.org/grpc@v1.73.0/internal/grpcsync/callback_serializer.go:52 +0x28 fp=0xc000302fe0 sp=0xc000302fb8 pc=0x760348
runtime.goexit({})
        /usr/lib/go/src/runtime/asm_amd64.s:1700 +0x1 fp=0xc000302fe8 sp=0xc000302fe0 pc=0x47d7a1
created by google.golang.org/grpc/internal/grpcsync.NewCallbackSerializer in goroutine 1
        /home/justcgh9/go/pkg/mod/google.golang.org/grpc@v1.73.0/internal/grpcsync/callback_serializer.go:52 +0x11a

goroutine 14 gp=0xc000138e00 m=nil [select]:
runtime.gopark(0xc00008bf60?, 0x2?, 0xe8?, 0xd0?, 0xc00008bf24?)
        /usr/lib/go/src/runtime/proc.go:435 +0xce fp=0xc00008bdb0 sp=0xc00008bd90 pc=0x475e2e
runtime.selectgo(0xc00008bf60, 0xc00008bf20, 0x0?, 0x0, 0x0?, 0x1)
        /usr/lib/go/src/runtime/select.go:351 +0x837 fp=0xc00008bee8 sp=0xc00008bdb0 pc=0x455317
google.golang.org/grpc/internal/grpcsync.(*CallbackSerializer).run(0xc0000474d0, {0xe71400, 0xc0000feb40})
        /home/justcgh9/go/pkg/mod/google.golang.org/grpc@v1.73.0/internal/grpcsync/callback_serializer.go:88 +0x10c fp=0xc00008bfb8 sp=0xc00008bee8 pc=0x76056c
google.golang.org/grpc/internal/grpcsync.NewCallbackSerializer.gowrap1()
        /home/justcgh9/go/pkg/mod/google.golang.org/grpc@v1.73.0/internal/grpcsync/callback_serializer.go:52 +0x28 fp=0xc00008bfe0 sp=0xc00008bfb8 pc=0x760348
runtime.goexit({})
        /usr/lib/go/src/runtime/asm_amd64.s:1700 +0x1 fp=0xc00008bfe8 sp=0xc00008bfe0 pc=0x47d7a1
created by google.golang.org/grpc/internal/grpcsync.NewCallbackSerializer in goroutine 1
        /home/justcgh9/go/pkg/mod/google.golang.org/grpc@v1.73.0/internal/grpcsync/callback_serializer.go:52 +0x11a

goroutine 15 gp=0xc000138fc0 m=nil [select]:
runtime.gopark(0xc000319f60?, 0x2?, 0x0?, 0x0?, 0xc000319f24?)
        /usr/lib/go/src/runtime/proc.go:435 +0xce fp=0xc000319db0 sp=0xc000319d90 pc=0x475e2e
runtime.selectgo(0xc000319f60, 0xc000319f20, 0x0?, 0x0, 0x0?, 0x1)
        /usr/lib/go/src/runtime/select.go:351 +0x837 fp=0xc000319ee8 sp=0xc000319db0 pc=0x455317
google.golang.org/grpc/internal/grpcsync.(*CallbackSerializer).run(0xc000047500, {0xe71400, 0xc0000feb90})
        /home/justcgh9/go/pkg/mod/google.golang.org/grpc@v1.73.0/internal/grpcsync/callback_serializer.go:88 +0x10c fp=0xc000319fb8 sp=0xc000319ee8 pc=0x76056c
google.golang.org/grpc/internal/grpcsync.NewCallbackSerializer.gowrap1()
        /home/justcgh9/go/pkg/mod/google.golang.org/grpc@v1.73.0/internal/grpcsync/callback_serializer.go:52 +0x28 fp=0xc000319fe0 sp=0xc000319fb8 pc=0x760348
runtime.goexit({})
        /usr/lib/go/src/runtime/asm_amd64.s:1700 +0x1 fp=0xc000319fe8 sp=0xc000319fe0 pc=0x47d7a1
created by google.golang.org/grpc/internal/grpcsync.NewCallbackSerializer in goroutine 1
        /home/justcgh9/go/pkg/mod/google.golang.org/grpc@v1.73.0/internal/grpcsync/callback_serializer.go:52 +0x11a

goroutine 40 gp=0xc0001f4000 m=nil [IO wait]:
runtime.gopark(0x412fa8?, 0x100000020?, 0x0?, 0x0?, 0xb?)
        /usr/lib/go/src/runtime/proc.go:435 +0xce fp=0xc0002eaae8 sp=0xc0002eaac8 pc=0x475e2e
runtime.netpollblock(0x494e78?, 0x410a26?, 0x0?)
        /usr/lib/go/src/runtime/netpoll.go:575 +0xf7 fp=0xc0002eab20 sp=0xc0002eaae8 pc=0x43b9b7
internal/poll.runtime_pollWait(0x7ec85c485c80, 0x72)
        /usr/lib/go/src/runtime/netpoll.go:351 +0x85 fp=0xc0002eab40 sp=0xc0002eab20 pc=0x475045
internal/poll.(*pollDesc).wait(0xc00019e480?, 0xc0001e2000?, 0x0)
        /usr/lib/go/src/internal/poll/fd_poll_runtime.go:84 +0x27 fp=0xc0002eab68 sp=0xc0002eab40 pc=0x4f2087
internal/poll.(*pollDesc).waitRead(...)
        /usr/lib/go/src/internal/poll/fd_poll_runtime.go:89
internal/poll.(*FD).Read(0xc00019e480, {0xc0001e2000, 0x8000, 0x8000})
        /usr/lib/go/src/internal/poll/fd_unix.go:165 +0x27a fp=0xc0002eac00 sp=0xc0002eab68 pc=0x4f337a
net.(*netFD).Read(0xc00019e480, {0xc0001e2000?, 0x7ec85c5efa78?, 0x0?})
        /usr/lib/go/src/net/fd_posix.go:55 +0x25 fp=0xc0002eac48 sp=0xc0002eac00 pc=0x64dcc5
net.(*conn).Read(0xc00019c0f0, {0xc0001e2000?, 0x7ec85c5efa78?, 0x10000000001?})
        /usr/lib/go/src/net/net.go:194 +0x45 fp=0xc0002eac90 sp=0xc0002eac48 pc=0x65dc85
bufio.(*Reader).Read(0xc000180780, {0xc000190120, 0x9, 0x473979?})
        /usr/lib/go/src/bufio/bufio.go:245 +0x197 fp=0xc0002eacc8 sp=0xc0002eac90 pc=0x5aeb77
io.ReadAtLeast({0xe688a0, 0xc000180780}, {0xc000190120, 0x9, 0x9}, 0x9)
        /usr/lib/go/src/io/io.go:335 +0x91 fp=0xc0002ead10 sp=0xc0002eacc8 pc=0x4e7e71
io.ReadFull(...)
        /usr/lib/go/src/io/io.go:354
golang.org/x/net/http2.readFrameHeader({0xc000190120, 0x9, 0x0?}, {0xe688a0?, 0xc000180780?})
        /home/justcgh9/go/pkg/mod/golang.org/x/net@v0.38.0/http2/frame.go:242 +0x65 fp=0xc0002ead60 sp=0xc0002ead10 pc=0x7e2da5
golang.org/x/net/http2.(*Framer).ReadFrame(0xc0001900e0)
        /home/justcgh9/go/pkg/mod/golang.org/x/net@v0.38.0/http2/frame.go:506 +0x7d fp=0xc0002eae60 sp=0xc0002ead60 pc=0x7e34dd
google.golang.org/grpc/internal/transport.(*http2Client).reader(0xc0001d4488, 0xc000188700)
        /home/justcgh9/go/pkg/mod/google.golang.org/grpc@v1.73.0/internal/transport/http2_client.go:1662 +0x1d2 fp=0xc0002eafc0 sp=0xc0002eae60 pc=0x807832
google.golang.org/grpc/internal/transport.NewHTTP2Client.gowrap4()
        /home/justcgh9/go/pkg/mod/google.golang.org/grpc@v1.73.0/internal/transport/http2_client.go:414 +0x25 fp=0xc0002eafe0 sp=0xc0002eafc0 pc=0x7fd765
runtime.goexit({})
        /usr/lib/go/src/runtime/asm_amd64.s:1700 +0x1 fp=0xc0002eafe8 sp=0xc0002eafe0 pc=0x47d7a1
created by google.golang.org/grpc/internal/transport.NewHTTP2Client in goroutine 53
        /home/justcgh9/go/pkg/mod/google.golang.org/grpc@v1.73.0/internal/transport/http2_client.go:414 +0x1e73

goroutine 25 gp=0xc0002e68c0 m=nil [select]:
runtime.gopark(0xc0002ebed8?, 0x2?, 0x8?, 0xea?, 0xc0002ebeac?)
        /usr/lib/go/src/runtime/proc.go:435 +0xce fp=0xc0002ebd40 sp=0xc0002ebd20 pc=0x475e2e
runtime.selectgo(0xc0002ebed8, 0xc0002ebea8, 0x814276?, 0x0, 0xc0001ea000?, 0x1)
        /usr/lib/go/src/runtime/select.go:351 +0x837 fp=0xc0002ebe78 sp=0xc0002ebd40 pc=0x455317
google.golang.org/grpc/internal/transport.(*controlBuffer).get(0xc0001a05c0, 0x1)
        /home/justcgh9/go/pkg/mod/google.golang.org/grpc@v1.73.0/internal/transport/controlbuf.go:412 +0x108 fp=0xc0002ebf08 sp=0xc0002ebe78 pc=0x7f2fa8
google.golang.org/grpc/internal/transport.(*loopyWriter).run(0xc00019e580)
        /home/justcgh9/go/pkg/mod/google.golang.org/grpc@v1.73.0/internal/transport/controlbuf.go:575 +0x78 fp=0xc0002ebf68 sp=0xc0002ebf08 pc=0x7f3778
google.golang.org/grpc/internal/transport.NewHTTP2Client.func6()
        /home/justcgh9/go/pkg/mod/google.golang.org/grpc@v1.73.0/internal/transport/http2_client.go:472 +0xd2 fp=0xc0002ebfe0 sp=0xc0002ebf68 pc=0x7fd652
runtime.goexit({})
        /usr/lib/go/src/runtime/asm_amd64.s:1700 +0x1 fp=0xc0002ebfe8 sp=0xc0002ebfe0 pc=0x47d7a1
created by google.golang.org/grpc/internal/transport.NewHTTP2Client in goroutine 53
        /home/justcgh9/go/pkg/mod/google.golang.org/grpc@v1.73.0/internal/transport/http2_client.go:470 +0x2452

goroutine 54 gp=0xc000240a80 m=nil [chan receive]:
runtime.gopark(0x0?, 0x0?, 0x0?, 0x0?, 0x0?)
        /usr/lib/go/src/runtime/proc.go:435 +0xce fp=0xc0000c9dd0 sp=0xc0000c9db0 pc=0x475e2e
runtime.chanrecv(0xc000294150, 0xc0000c9f48, 0x1)
        /usr/lib/go/src/runtime/chan.go:664 +0x445 fp=0xc0000c9e48 sp=0xc0000c9dd0 pc=0x4135a5
runtime.chanrecv2(0xc0000470c0?, 0xe71390?)
        /usr/lib/go/src/runtime/chan.go:511 +0x12 fp=0xc0000c9e70 sp=0xc0000c9e48 pc=0x413152
github.com/justcgh9/discord-clone-friends/internal/app/grpc/client.(*LoginByTokenPool).worker(0xc000292100, 0x760348?, {0xe72e00, 0xc000047520}, 0x12a05f200)
        /home/justcgh9/projects/pet/discord-clone/go/friends/internal/app/grpc/client/client.go:80 +0x165 fp=0xc0000c9fa8 sp=0xc0000c9e70 pc=0x8a6245
github.com/justcgh9/discord-clone-friends/internal/app/grpc/client.NewLoginByTokenPool.gowrap1()
        /home/justcgh9/projects/pet/discord-clone/go/friends/internal/app/grpc/client/client.go:64 +0x30 fp=0xc0000c9fe0 sp=0xc0000c9fa8 pc=0x8a6010
runtime.goexit({})
        /usr/lib/go/src/runtime/asm_amd64.s:1700 +0x1 fp=0xc0000c9fe8 sp=0xc0000c9fe0 pc=0x47d7a1
created by github.com/justcgh9/discord-clone-friends/internal/app/grpc/client.NewLoginByTokenPool in goroutine 1
        /home/justcgh9/projects/pet/discord-clone/go/friends/internal/app/grpc/client/client.go:64 +0xf1

goroutine 55 gp=0xc000240c40 m=nil [select]:
runtime.gopark(0xc000306f60?, 0x2?, 0x0?, 0x0?, 0xc000306f24?)
        /usr/lib/go/src/runtime/proc.go:435 +0xce fp=0xc000306db0 sp=0xc000306d90 pc=0x475e2e
runtime.selectgo(0xc000306f60, 0xc000306f20, 0x0?, 0x0, 0x0?, 0x1)
        /usr/lib/go/src/runtime/select.go:351 +0x837 fp=0xc000306ee8 sp=0xc000306db0 pc=0x455317
google.golang.org/grpc/internal/grpcsync.(*CallbackSerializer).run(0xc000250600, {0xe71400, 0xc00025a500})
        /home/justcgh9/go/pkg/mod/google.golang.org/grpc@v1.73.0/internal/grpcsync/callback_serializer.go:88 +0x10c fp=0xc000306fb8 sp=0xc000306ee8 pc=0x76056c
google.golang.org/grpc/internal/grpcsync.NewCallbackSerializer.gowrap1()
        /home/justcgh9/go/pkg/mod/google.golang.org/grpc@v1.73.0/internal/grpcsync/callback_serializer.go:52 +0x28 fp=0xc000306fe0 sp=0xc000306fb8 pc=0x760348
runtime.goexit({})
        /usr/lib/go/src/runtime/asm_amd64.s:1700 +0x1 fp=0xc000306fe8 sp=0xc000306fe0 pc=0x47d7a1
created by google.golang.org/grpc/internal/grpcsync.NewCallbackSerializer in goroutine 1
        /home/justcgh9/go/pkg/mod/google.golang.org/grpc@v1.73.0/internal/grpcsync/callback_serializer.go:52 +0x11a

goroutine 56 gp=0xc000240e00 m=nil [select]:
runtime.gopark(0xc000089f60?, 0x2?, 0xe8?, 0xd0?, 0xc000089f24?)
        /usr/lib/go/src/runtime/proc.go:435 +0xce fp=0xc000089db0 sp=0xc000089d90 pc=0x475e2e
runtime.selectgo(0xc000089f60, 0xc000089f20, 0x0?, 0x0, 0x0?, 0x1)
        /usr/lib/go/src/runtime/select.go:351 +0x837 fp=0xc000089ee8 sp=0xc000089db0 pc=0x455317
google.golang.org/grpc/internal/grpcsync.(*CallbackSerializer).run(0xc000250630, {0xe71400, 0xc00025a550})
        /home/justcgh9/go/pkg/mod/google.golang.org/grpc@v1.73.0/internal/grpcsync/callback_serializer.go:88 +0x10c fp=0xc000089fb8 sp=0xc000089ee8 pc=0x76056c
google.golang.org/grpc/internal/grpcsync.NewCallbackSerializer.gowrap1()
        /home/justcgh9/go/pkg/mod/google.golang.org/grpc@v1.73.0/internal/grpcsync/callback_serializer.go:52 +0x28 fp=0xc000089fe0 sp=0xc000089fb8 pc=0x760348
runtime.goexit({})
        /usr/lib/go/src/runtime/asm_amd64.s:1700 +0x1 fp=0xc000089fe8 sp=0xc000089fe0 pc=0x47d7a1
created by google.golang.org/grpc/internal/grpcsync.NewCallbackSerializer in goroutine 1
        /home/justcgh9/go/pkg/mod/google.golang.org/grpc@v1.73.0/internal/grpcsync/callback_serializer.go:52 +0x11a

goroutine 57 gp=0xc000240fc0 m=nil [select]:
runtime.gopark(0xc000313f60?, 0x2?, 0x0?, 0x0?, 0xc000313f24?)
        /usr/lib/go/src/runtime/proc.go:435 +0xce fp=0xc000313db0 sp=0xc000313d90 pc=0x475e2e
runtime.selectgo(0xc000313f60, 0xc000313f20, 0x0?, 0x0, 0x0?, 0x1)
        /usr/lib/go/src/runtime/select.go:351 +0x837 fp=0xc000313ee8 sp=0xc000313db0 pc=0x455317
google.golang.org/grpc/internal/grpcsync.(*CallbackSerializer).run(0xc000250660, {0xe71400, 0xc00025a5a0})
        /home/justcgh9/go/pkg/mod/google.golang.org/grpc@v1.73.0/internal/grpcsync/callback_serializer.go:88 +0x10c fp=0xc000313fb8 sp=0xc000313ee8 pc=0x76056c
google.golang.org/grpc/internal/grpcsync.NewCallbackSerializer.gowrap1()
        /home/justcgh9/go/pkg/mod/google.golang.org/grpc@v1.73.0/internal/grpcsync/callback_serializer.go:52 +0x28 fp=0xc000313fe0 sp=0xc000313fb8 pc=0x760348
runtime.goexit({})
        /usr/lib/go/src/runtime/asm_amd64.s:1700 +0x1 fp=0xc000313fe8 sp=0xc000313fe0 pc=0x47d7a1
created by google.golang.org/grpc/internal/grpcsync.NewCallbackSerializer in goroutine 1
        /home/justcgh9/go/pkg/mod/google.golang.org/grpc@v1.73.0/internal/grpcsync/callback_serializer.go:52 +0x11a

goroutine 58 gp=0xc000241180 m=nil [select]:
runtime.gopark(0xc000361f40?, 0x2?, 0x70?, 0x6?, 0xc000361ed4?)
        /usr/lib/go/src/runtime/proc.go:435 +0xce fp=0xc000361d40 sp=0xc000361d20 pc=0x475e2e
runtime.selectgo(0xc000361f40, 0xc000361ed0, 0x1476f60?, 0x0, 0xc00027c500?, 0x1)
        /usr/lib/go/src/runtime/select.go:351 +0x837 fp=0xc000361e78 sp=0xc000361d40 pc=0x455317
google.golang.org/grpc/internal/resolver/dns.(*dnsResolver).watcher(0xc00030c580)
        /home/justcgh9/go/pkg/mod/google.golang.org/grpc@v1.73.0/internal/resolver/dns/dns_resolver.go:221 +0x24b fp=0xc000361fc8 sp=0xc000361e78 pc=0x8203ab
google.golang.org/grpc/internal/resolver/dns.(*dnsBuilder).Build.gowrap1()
        /home/justcgh9/go/pkg/mod/google.golang.org/grpc@v1.73.0/internal/resolver/dns/dns_resolver.go:150 +0x25 fp=0xc000361fe0 sp=0xc000361fc8 pc=0x820025
runtime.goexit({})
        /usr/lib/go/src/runtime/asm_amd64.s:1700 +0x1 fp=0xc000361fe8 sp=0xc000361fe0 pc=0x47d7a1
created by google.golang.org/grpc/internal/resolver/dns.(*dnsBuilder).Build in goroutine 56
        /home/justcgh9/go/pkg/mod/google.golang.org/grpc@v1.73.0/internal/resolver/dns/dns_resolver.go:150 +0x2ce

goroutine 41 gp=0xc0001f41c0 m=nil [select]:
runtime.gopark(0xc0002eced8?, 0x2?, 0x29?, 0x40?, 0xc0002eceac?)
        /usr/lib/go/src/runtime/proc.go:435 +0xce fp=0xc0002ecd40 sp=0xc0002ecd20 pc=0x475e2e
runtime.selectgo(0xc0002eced8, 0xc0002ecea8, 0x814276?, 0x0, 0xc000390000?, 0x1)
        /usr/lib/go/src/runtime/select.go:351 +0x837 fp=0xc0002ece78 sp=0xc0002ecd40 pc=0x455317
google.golang.org/grpc/internal/transport.(*controlBuffer).get(0xc000290300, 0x1)
        /home/justcgh9/go/pkg/mod/google.golang.org/grpc@v1.73.0/internal/transport/controlbuf.go:412 +0x108 fp=0xc0002ecf08 sp=0xc0002ece78 pc=0x7f2fa8
google.golang.org/grpc/internal/transport.(*loopyWriter).run(0xc0002ca480)
        /home/justcgh9/go/pkg/mod/google.golang.org/grpc@v1.73.0/internal/transport/controlbuf.go:575 +0x78 fp=0xc0002ecf68 sp=0xc0002ecf08 pc=0x7f3778
google.golang.org/grpc/internal/transport.NewHTTP2Client.func6()
        /home/justcgh9/go/pkg/mod/google.golang.org/grpc@v1.73.0/internal/transport/http2_client.go:472 +0xd2 fp=0xc0002ecfe0 sp=0xc0002ecf68 pc=0x7fd652
runtime.goexit({})
        /usr/lib/go/src/runtime/asm_amd64.s:1700 +0x1 fp=0xc0002ecfe8 sp=0xc0002ecfe0 pc=0x47d7a1
created by google.golang.org/grpc/internal/transport.NewHTTP2Client in goroutine 60
        /home/justcgh9/go/pkg/mod/google.golang.org/grpc@v1.73.0/internal/transport/http2_client.go:470 +0x2452

goroutine 29 gp=0xc0002e6a80 m=nil [chan receive]:
runtime.gopark(0x0?, 0x0?, 0x0?, 0x0?, 0x0?)
        /usr/lib/go/src/runtime/proc.go:435 +0xce fp=0xc000381dd0 sp=0xc000381db0 pc=0x475e2e
runtime.chanrecv(0xc000294150, 0xc000381f48, 0x1)
        /usr/lib/go/src/runtime/chan.go:664 +0x445 fp=0xc000381e48 sp=0xc000381dd0 pc=0x4135a5
runtime.chanrecv2(0xc0000470c0?, 0xe71390?)
        /usr/lib/go/src/runtime/chan.go:511 +0x12 fp=0xc000381e70 sp=0xc000381e48 pc=0x413152
github.com/justcgh9/discord-clone-friends/internal/app/grpc/client.(*LoginByTokenPool).worker(0xc000292100, 0xc0000777d0?, {0xe72e00, 0xc000250680}, 0x12a05f200)
        /home/justcgh9/projects/pet/discord-clone/go/friends/internal/app/grpc/client/client.go:80 +0x165 fp=0xc000381fa8 sp=0xc000381e70 pc=0x8a6245
github.com/justcgh9/discord-clone-friends/internal/app/grpc/client.NewLoginByTokenPool.gowrap1()
        /home/justcgh9/projects/pet/discord-clone/go/friends/internal/app/grpc/client/client.go:64 +0x30 fp=0xc000381fe0 sp=0xc000381fa8 pc=0x8a6010
runtime.goexit({})
        /usr/lib/go/src/runtime/asm_amd64.s:1700 +0x1 fp=0xc000381fe8 sp=0xc000381fe0 pc=0x47d7a1
created by github.com/justcgh9/discord-clone-friends/internal/app/grpc/client.NewLoginByTokenPool in goroutine 1
        /home/justcgh9/projects/pet/discord-clone/go/friends/internal/app/grpc/client/client.go:64 +0xf1

goroutine 30 gp=0xc0002e6c40 m=nil [select]:
runtime.gopark(0xc000303f60?, 0x2?, 0x90?, 0x62?, 0xc000303f24?)
        /usr/lib/go/src/runtime/proc.go:435 +0xce fp=0xc000303db0 sp=0xc000303d90 pc=0x475e2e
runtime.selectgo(0xc000303f60, 0xc000303f20, 0xd44b34?, 0x0, 0x1?, 0x1)
        /usr/lib/go/src/runtime/select.go:351 +0x837 fp=0xc000303ee8 sp=0xc000303db0 pc=0x455317
google.golang.org/grpc/internal/grpcsync.(*CallbackSerializer).run(0xc0002929b0, {0xe71400, 0xc0002da500})
        /home/justcgh9/go/pkg/mod/google.golang.org/grpc@v1.73.0/internal/grpcsync/callback_serializer.go:88 +0x10c fp=0xc000303fb8 sp=0xc000303ee8 pc=0x76056c
google.golang.org/grpc/internal/grpcsync.NewCallbackSerializer.gowrap1()
        /home/justcgh9/go/pkg/mod/google.golang.org/grpc@v1.73.0/internal/grpcsync/callback_serializer.go:52 +0x28 fp=0xc000303fe0 sp=0xc000303fb8 pc=0x760348
runtime.goexit({})
        /usr/lib/go/src/runtime/asm_amd64.s:1700 +0x1 fp=0xc000303fe8 sp=0xc000303fe0 pc=0x47d7a1
created by google.golang.org/grpc/internal/grpcsync.NewCallbackSerializer in goroutine 1
        /home/justcgh9/go/pkg/mod/google.golang.org/grpc@v1.73.0/internal/grpcsync/callback_serializer.go:52 +0x11a

goroutine 31 gp=0xc0002e6e00 m=nil [select]:
runtime.gopark(0xc0002f1f60?, 0x2?, 0xe8?, 0xd0?, 0xc0002f1f24?)
        /usr/lib/go/src/runtime/proc.go:435 +0xce fp=0xc0002f1db0 sp=0xc0002f1d90 pc=0x475e2e
runtime.selectgo(0xc0002f1f60, 0xc0002f1f20, 0x0?, 0x0, 0x0?, 0x1)
        /usr/lib/go/src/runtime/select.go:351 +0x837 fp=0xc0002f1ee8 sp=0xc0002f1db0 pc=0x455317
google.golang.org/grpc/internal/grpcsync.(*CallbackSerializer).run(0xc0002929e0, {0xe71400, 0xc0002da550})
        /home/justcgh9/go/pkg/mod/google.golang.org/grpc@v1.73.0/internal/grpcsync/callback_serializer.go:88 +0x10c fp=0xc0002f1fb8 sp=0xc0002f1ee8 pc=0x76056c
google.golang.org/grpc/internal/grpcsync.NewCallbackSerializer.gowrap1()
        /home/justcgh9/go/pkg/mod/google.golang.org/grpc@v1.73.0/internal/grpcsync/callback_serializer.go:52 +0x28 fp=0xc0002f1fe0 sp=0xc0002f1fb8 pc=0x760348
runtime.goexit({})
        /usr/lib/go/src/runtime/asm_amd64.s:1700 +0x1 fp=0xc0002f1fe8 sp=0xc0002f1fe0 pc=0x47d7a1
created by google.golang.org/grpc/internal/grpcsync.NewCallbackSerializer in goroutine 1
        /home/justcgh9/go/pkg/mod/google.golang.org/grpc@v1.73.0/internal/grpcsync/callback_serializer.go:52 +0x11a

goroutine 32 gp=0xc0002e6fc0 m=nil [select]:
runtime.gopark(0xc000315f60?, 0x2?, 0x0?, 0x0?, 0xc000315f24?)
        /usr/lib/go/src/runtime/proc.go:435 +0xce fp=0xc000315db0 sp=0xc000315d90 pc=0x475e2e
runtime.selectgo(0xc000315f60, 0xc000315f20, 0x0?, 0x0, 0x0?, 0x1)
        /usr/lib/go/src/runtime/select.go:351 +0x837 fp=0xc000315ee8 sp=0xc000315db0 pc=0x455317
google.golang.org/grpc/internal/grpcsync.(*CallbackSerializer).run(0xc000292a10, {0xe71400, 0xc0002da5a0})
        /home/justcgh9/go/pkg/mod/google.golang.org/grpc@v1.73.0/internal/grpcsync/callback_serializer.go:88 +0x10c fp=0xc000315fb8 sp=0xc000315ee8 pc=0x76056c
google.golang.org/grpc/internal/grpcsync.NewCallbackSerializer.gowrap1()
        /home/justcgh9/go/pkg/mod/google.golang.org/grpc@v1.73.0/internal/grpcsync/callback_serializer.go:52 +0x28 fp=0xc000315fe0 sp=0xc000315fb8 pc=0x760348
runtime.goexit({})
        /usr/lib/go/src/runtime/asm_amd64.s:1700 +0x1 fp=0xc000315fe8 sp=0xc000315fe0 pc=0x47d7a1
created by google.golang.org/grpc/internal/grpcsync.NewCallbackSerializer in goroutine 1
        /home/justcgh9/go/pkg/mod/google.golang.org/grpc@v1.73.0/internal/grpcsync/callback_serializer.go:52 +0x11a

goroutine 33 gp=0xc0002e7180 m=nil [select]:
runtime.gopark(0xc00035df40?, 0x2?, 0x20?, 0x2a?, 0xc00035ded4?)
        /usr/lib/go/src/runtime/proc.go:435 +0xce fp=0xc00035dd40 sp=0xc00035dd20 pc=0x475e2e
runtime.selectgo(0xc00035df40, 0xc00035ded0, 0x1476f60?, 0x0, 0xc00027c7c0?, 0x1)
        /usr/lib/go/src/runtime/select.go:351 +0x837 fp=0xc00035de78 sp=0xc00035dd40 pc=0x455317
google.golang.org/grpc/internal/resolver/dns.(*dnsResolver).watcher(0xc0002ca580)
        /home/justcgh9/go/pkg/mod/google.golang.org/grpc@v1.73.0/internal/resolver/dns/dns_resolver.go:221 +0x24b fp=0xc00035dfc8 sp=0xc00035de78 pc=0x8203ab
google.golang.org/grpc/internal/resolver/dns.(*dnsBuilder).Build.gowrap1()
        /home/justcgh9/go/pkg/mod/google.golang.org/grpc@v1.73.0/internal/resolver/dns/dns_resolver.go:150 +0x25 fp=0xc00035dfe0 sp=0xc00035dfc8 pc=0x820025
runtime.goexit({})
        /usr/lib/go/src/runtime/asm_amd64.s:1700 +0x1 fp=0xc00035dfe8 sp=0xc00035dfe0 pc=0x47d7a1
created by google.golang.org/grpc/internal/resolver/dns.(*dnsBuilder).Build in goroutine 31
        /home/justcgh9/go/pkg/mod/google.golang.org/grpc@v1.73.0/internal/resolver/dns/dns_resolver.go:150 +0x2ce

goroutine 69 gp=0xc000241500 m=nil [chan receive]:
runtime.gopark(0x0?, 0x0?, 0x0?, 0x0?, 0x0?)
        /usr/lib/go/src/runtime/proc.go:435 +0xce fp=0xc000369dd0 sp=0xc000369db0 pc=0x475e2e
runtime.chanrecv(0xc000294150, 0xc000369f48, 0x1)
        /usr/lib/go/src/runtime/chan.go:664 +0x445 fp=0xc000369e48 sp=0xc000369dd0 pc=0x4135a5
runtime.chanrecv2(0xc0000470c0?, 0xe71390?)
        /usr/lib/go/src/runtime/chan.go:511 +0x12 fp=0xc000369e70 sp=0xc000369e48 pc=0x413152
github.com/justcgh9/discord-clone-friends/internal/app/grpc/client.(*LoginByTokenPool).worker(0xc000292100, 0xc000292b10?, {0xe72e00, 0xc000292a30}, 0x12a05f200)
        /home/justcgh9/projects/pet/discord-clone/go/friends/internal/app/grpc/client/client.go:80 +0x165 fp=0xc000369fa8 sp=0xc000369e70 pc=0x8a6245
github.com/justcgh9/discord-clone-friends/internal/app/grpc/client.NewLoginByTokenPool.gowrap1()
        /home/justcgh9/projects/pet/discord-clone/go/friends/internal/app/grpc/client/client.go:64 +0x30 fp=0xc000369fe0 sp=0xc000369fa8 pc=0x8a6010
runtime.goexit({})
        /usr/lib/go/src/runtime/asm_amd64.s:1700 +0x1 fp=0xc000369fe8 sp=0xc000369fe0 pc=0x47d7a1
created by github.com/justcgh9/discord-clone-friends/internal/app/grpc/client.NewLoginByTokenPool in goroutine 1
        /home/justcgh9/projects/pet/discord-clone/go/friends/internal/app/grpc/client/client.go:64 +0xf1

goroutine 70 gp=0xc000139180 m=nil [select, locked to thread]:
runtime.gopark(0xc0000727a8?, 0x2?, 0x70?, 0x0?, 0xc000072794?)
        /usr/lib/go/src/runtime/proc.go:435 +0xce fp=0xc000072620 sp=0xc000072600 pc=0x475e2e
runtime.selectgo(0xc0000727a8, 0xc000072790, 0x0?, 0x0, 0x100000001?, 0x1)
        /usr/lib/go/src/runtime/select.go:351 +0x837 fp=0xc000072758 sp=0xc000072620 pc=0x455317
runtime.ensureSigM.func1()
        /usr/lib/go/src/runtime/signal_unix.go:1085 +0x192 fp=0xc0000727e0 sp=0xc000072758 pc=0x470a32
runtime.goexit({})
        /usr/lib/go/src/runtime/asm_amd64.s:1700 +0x1 fp=0xc0000727e8 sp=0xc0000727e0 pc=0x47d7a1
created by runtime.ensureSigM in goroutine 1
        /usr/lib/go/src/runtime/signal_unix.go:1068 +0xc8

goroutine 67 gp=0xc000139340 m=nil [IO wait]:
runtime.gopark(0x412fa8?, 0x100000020?, 0x0?, 0x0?, 0xb?)
        /usr/lib/go/src/runtime/proc.go:435 +0xce fp=0xc00008dae8 sp=0xc00008dac8 pc=0x475e2e
runtime.netpollblock(0x494e78?, 0x410a26?, 0x0?)
        /usr/lib/go/src/runtime/netpoll.go:575 +0xf7 fp=0xc00008db20 sp=0xc00008dae8 pc=0x43b9b7
internal/poll.runtime_pollWait(0x7ec85c485a50, 0x72)
        /usr/lib/go/src/runtime/netpoll.go:351 +0x85 fp=0xc00008db40 sp=0xc00008db20 pc=0x475045
internal/poll.(*pollDesc).wait(0xc0000fb100?, 0xc00039a000?, 0x0)
        /usr/lib/go/src/internal/poll/fd_poll_runtime.go:84 +0x27 fp=0xc00008db68 sp=0xc00008db40 pc=0x4f2087
internal/poll.(*pollDesc).waitRead(...)
        /usr/lib/go/src/internal/poll/fd_poll_runtime.go:89
internal/poll.(*FD).Read(0xc0000fb100, {0xc00039a000, 0x8000, 0x8000})
        /usr/lib/go/src/internal/poll/fd_unix.go:165 +0x27a fp=0xc00008dc00 sp=0xc00008db68 pc=0x4f337a
net.(*netFD).Read(0xc0000fb100, {0xc00039a000?, 0x7ec85c5eff30?, 0x0?})
        /usr/lib/go/src/net/fd_posix.go:55 +0x25 fp=0xc00008dc48 sp=0xc00008dc00 pc=0x64dcc5
net.(*conn).Read(0xc000078708, {0xc00039a000?, 0x7ec85c5eff30?, 0x10000000001?})
        /usr/lib/go/src/net/net.go:194 +0x45 fp=0xc00008dc90 sp=0xc00008dc48 pc=0x65dc85
bufio.(*Reader).Read(0xc0000a13e0, {0xc000000120, 0x9, 0x473979?})
        /usr/lib/go/src/bufio/bufio.go:245 +0x197 fp=0xc00008dcc8 sp=0xc00008dc90 pc=0x5aeb77
io.ReadAtLeast({0xe688a0, 0xc0000a13e0}, {0xc000000120, 0x9, 0x9}, 0x9)
        /usr/lib/go/src/io/io.go:335 +0x91 fp=0xc00008dd10 sp=0xc00008dcc8 pc=0x4e7e71
io.ReadFull(...)
        /usr/lib/go/src/io/io.go:354
golang.org/x/net/http2.readFrameHeader({0xc000000120, 0x9, 0x0?}, {0xe688a0?, 0xc0000a13e0?})
        /home/justcgh9/go/pkg/mod/golang.org/x/net@v0.38.0/http2/frame.go:242 +0x65 fp=0xc00008dd60 sp=0xc00008dd10 pc=0x7e2da5
golang.org/x/net/http2.(*Framer).ReadFrame(0xc0000000e0)
        /home/justcgh9/go/pkg/mod/golang.org/x/net@v0.38.0/http2/frame.go:506 +0x7d fp=0xc00008de60 sp=0xc00008dd60 pc=0x7e34dd
google.golang.org/grpc/internal/transport.(*http2Client).reader(0xc0000cf448, 0xc00013fc00)
        /home/justcgh9/go/pkg/mod/google.golang.org/grpc@v1.73.0/internal/transport/http2_client.go:1662 +0x1d2 fp=0xc00008dfc0 sp=0xc00008de60 pc=0x807832
google.golang.org/grpc/internal/transport.NewHTTP2Client.gowrap4()
        /home/justcgh9/go/pkg/mod/google.golang.org/grpc@v1.73.0/internal/transport/http2_client.go:414 +0x25 fp=0xc00008dfe0 sp=0xc00008dfc0 pc=0x7fd765
runtime.goexit({})
        /usr/lib/go/src/runtime/asm_amd64.s:1700 +0x1 fp=0xc00008dfe8 sp=0xc00008dfe0 pc=0x47d7a1
created by google.golang.org/grpc/internal/transport.NewHTTP2Client in goroutine 62
        /home/justcgh9/go/pkg/mod/google.golang.org/grpc@v1.73.0/internal/transport/http2_client.go:414 +0x1e73

goroutine 68 gp=0xc000139500 m=nil [select]:
runtime.gopark(0xc00008eed8?, 0x2?, 0x29?, 0x40?, 0xc00008eeac?)
        /usr/lib/go/src/runtime/proc.go:435 +0xce fp=0xc00008ed40 sp=0xc00008ed20 pc=0x475e2e
runtime.selectgo(0xc00008eed8, 0xc00008eea8, 0x814276?, 0x0, 0xc0003a2000?, 0x1)
        /usr/lib/go/src/runtime/select.go:351 +0x837 fp=0xc00008ee78 sp=0xc00008ed40 pc=0x455317
google.golang.org/grpc/internal/transport.(*controlBuffer).get(0xc000053700, 0x1)
        /home/justcgh9/go/pkg/mod/google.golang.org/grpc@v1.73.0/internal/transport/controlbuf.go:412 +0x108 fp=0xc00008ef08 sp=0xc00008ee78 pc=0x7f2fa8
google.golang.org/grpc/internal/transport.(*loopyWriter).run(0xc0002ca680)
        /home/justcgh9/go/pkg/mod/google.golang.org/grpc@v1.73.0/internal/transport/controlbuf.go:575 +0x78 fp=0xc00008ef68 sp=0xc00008ef08 pc=0x7f3778
google.golang.org/grpc/internal/transport.NewHTTP2Client.func6()
        /home/justcgh9/go/pkg/mod/google.golang.org/grpc@v1.73.0/internal/transport/http2_client.go:472 +0xd2 fp=0xc00008efe0 sp=0xc00008ef68 pc=0x7fd652
runtime.goexit({})
        /usr/lib/go/src/runtime/asm_amd64.s:1700 +0x1 fp=0xc00008efe8 sp=0xc00008efe0 pc=0x47d7a1
created by google.golang.org/grpc/internal/transport.NewHTTP2Client in goroutine 62
        /home/justcgh9/go/pkg/mod/google.golang.org/grpc@v1.73.0/internal/transport/http2_client.go:470 +0x2452

goroutine 71 gp=0xc0001396c0 m=6 mp=0xc00023e008 [syscall]:
runtime.notetsleepg(0x1498fe0, 0xffffffffffffffff)
        /usr/lib/go/src/runtime/lock_futex.go:123 +0x29 fp=0xc0003027a0 sp=0xc000302778 pc=0x418a69
os/signal.signal_recv()
        /usr/lib/go/src/runtime/sigqueue.go:152 +0x29 fp=0xc0003027c0 sp=0xc0003027a0 pc=0x477de9
os/signal.loop()
        /usr/lib/go/src/os/signal/signal_unix.go:23 +0x13 fp=0xc0003027e0 sp=0xc0003027c0 pc=0x557193
runtime.goexit({})
        /usr/lib/go/src/runtime/asm_amd64.s:1700 +0x1 fp=0xc0003027e8 sp=0xc0003027e0 pc=0x47d7a1
created by os/signal.Notify.func1.1 in goroutine 1
        /usr/lib/go/src/os/signal/signal.go:152 +0x1f

rax    0xca
rbx    0x0
rcx    0x47f5a3
rdx    0x0
rdi    0x1478760
rsi    0x80
rbp    0x7ffc7e3ea578
rsp    0x7ffc7e3ea530
r8     0x0
r9     0x0
r10    0x0
r11    0x286
r12    0x7ffc7e3ea558
r13    0xc000072794
r14    0x1477560
r15    0xc00024eba0
rip    0x47f5a1
rflags 0x286
cs     0x33
fs     0x0
gs     0x0
exit status 2
